{
  "stats": {
    "suites": 7,
    "tests": 7,
    "passes": 7,
    "pending": 0,
    "failures": 0,
    "start": "2025-06-02T07:30:24.372Z",
    "end": "2025-06-02T07:31:57.450Z",
    "duration": 93078,
    "testsRegistered": 7,
    "passPercent": 100,
    "pendingPercent": 0,
    "other": 0,
    "hasOther": false,
    "skipped": 0,
    "hasSkipped": false
  },
  "results": [
    {
      "uuid": "4bec7c40-d3e3-4e13-91fc-2733fbc1c70f",
      "title": "",
      "fullFile": "cypress\\e2e\\MotoGPRoulette\\Features\\1. rebet_and_reset_std_and_raceTrack.cy.js",
      "file": "cypress\\e2e\\MotoGPRoulette\\Features\\1. rebet_and_reset_std_and_raceTrack.cy.js",
      "beforeHooks": [],
      "afterHooks": [],
      "tests": [],
      "suites": [
        {
          "uuid": "e54744dd-b4e5-48d5-9f14-903e4df01fee",
          "title": "Rebet and reset bet are working correctly",
          "fullFile": "",
          "file": "",
          "beforeHooks": [],
          "afterHooks": [],
          "tests": [
            {
              "title": "Should check that all of types of bets are displayed after rebetting",
              "fullTitle": "Rebet and reset bet are working correctly Should check that all of types of bets are displayed after rebetting",
              "timedOut": null,
              "duration": 29169,
              "state": "passed",
              "speed": "slow",
              "pass": true,
              "fail": false,
              "pending": false,
              "context": null,
              "code": "cy.visitTestEnvironment();\ncy.interceptStartGameRebet();\ncy.window({\n  timeout: 50000\n}).should(win => {\n  const game = win.game;\n  const scene = game.scene.scenes[1];\n  const start_button = scene.gameContainer.list[5].list[0].visible;\n  expect(start_button, 'Game is loaded').to.be.true;\n});\n// cy.get('#open_button').click()\n// cy.get('#chip').select(36)\n// cy.get('#open_button').click({force: true})\n// cy.get('#set_state').click()\n// cy.get('#close_button').click()\ncy.window().should(win => {\n  const game = win.game;\n  const scene = game.scene.scenes[1];\n  const chip = scene.gameContainer.list[7].activeButton.layout.name;\n  expect(chip).to.include(\"chip_1\");\n});\ncy.window().then(win => {\n  const game = win.game;\n  const scene = game.scene.scenes[1];\n  scene.gameContainer.stakeSelector.dozensButtons[0].list[0].emit('pointerdown'); // dozen 1\n  scene.gameContainer.stakeSelector.dozensButtons[1].list[0].emit('pointerdown'); // dozen 2\n  scene.gameContainer.stakeSelector.dozensButtons[1].list[0].emit('pointerdown'); // dozen 2 next stake\n  scene.gameContainer.stakeSelector.dozensButtons[2].list[0].emit('pointerdown'); // dozen 2\n  scene.gameContainer.stakeSelector.evenOrOddButtons[0].emit('pointerdown'); // even\n  scene.gameContainer.stakeSelector.evenOrOddButtons[1].emit('pointerdown'); // odd\n  scene.gameContainer.stakeSelector.highOrLowButtons[0].emit('pointerdown'); // low\n  scene.gameContainer.stakeSelector.highOrLowButtons[1].emit('pointerdown'); // high\n  scene.gameContainer.stakeSelector.redOrBlackButtons[0].list[0].emit('pointerdown'); // red\n  scene.gameContainer.stakeSelector.redOrBlackButtons[1].list[0].emit('pointerdown'); // black\n  scene.gameContainer.list[4].list[1].list[0].emit('pointerdown'); // straight\n  scene.gameContainer.list[4].list[37].emit('pointerdown'); // split\n  scene.gameContainer.stakeSelector.streetButtons[1].emit('pointerdown'); // street\n  scene.gameContainer.stakeSelector.cornerButtons[3].emit('pointerdown'); // corner\n  scene.gameContainer.stakeSelector.sixLineButtons[0].emit('pointerdown'); // six line\n  scene.gameContainer.stakeSelector.columnButtons[0].list[0].emit('pointerdown'); // column 1\n  scene.gameContainer.stakeSelector.columnButtons[1].list[0].emit('pointerdown'); // column 2\n  scene.gameContainer.stakeSelector.columnButtons[2].list[0].emit('pointerdown'); // column 3\n  cy.wait(50);\n  scene.gameContainer.list[5].list[0].emit('pointerdown');\n});\ncy.window({\n  timeout: 30000\n}).should(win => {\n  const win_banner = win.game.scene.scenes[1].gameContainer.winBanner.visible;\n  const no_win_banner = win.game.scene.scenes[1].gameContainer.noWinBanner.visible;\n  expect(win_banner || no_win_banner).to.be.true;\n  expect(win.game.scene.scenes[1].gameContainer.topPanel.balance).to.not.equal(100000);\n});\ncy.window().should(win => {\n  const rebet = win.game.scene.scenes[1].gameContainer.tapBar.reBetButton.list[2].visible;\n  expect(rebet).to.be.true;\n});\ncy.window().then(win => {\n  win.game.scene.scenes[1].gameContainer.tapBar.reBetButton.emit('pointerdown');\n});\ncy.window({\n  timeout: 10000\n}).should(win => {\n  const chip = win.game.scene.scenes[1].gameContainer.stakeSelector.chips;\n  expect(chip[0].stakeType).to.include('dozen');\n  expect(chip[0].buttonId).to.equal(1);\n  expect(chip[1].stakeType).to.include('dozen');\n  expect(chip[1].buttonId).to.equal(2);\n  expect(chip[1].bet).to.equal(100);\n  expect(chip[2].stakeType).to.include('dozen');\n  expect(chip[2].buttonId).to.equal(3);\n  expect(chip[3].stakeType).to.include('even_or_odd');\n  expect(chip[3].buttonId).to.equal(0);\n  expect(chip[4].stakeType).to.include('even_or_odd');\n  expect(chip[4].buttonId).to.equal(1);\n  expect(chip[5].stakeType).to.include('high_or_low');\n  expect(chip[5].buttonId).to.equal(1);\n  expect(chip[6].stakeType).to.include('high_or_low');\n  expect(chip[6].buttonId).to.equal(0);\n  expect(chip[7].stakeType).to.include('red_or_black');\n  expect(chip[7].buttonId).to.equal(0);\n  expect(chip[8].stakeType).to.include('red_or_black');\n  expect(chip[8].buttonId).to.equal(1);\n  expect(chip[9].stakeType).to.include('straight');\n  expect(chip[9].buttonId).to.equal(1);\n  expect(chip[10].stakeType).to.include('split');\n  expect(chip[10].buttonId).to.equal(1);\n  expect(chip[11].stakeType).to.include('street');\n  expect(chip[11].buttonId).to.equal(2);\n  expect(chip[12].stakeType).to.include('corner');\n  expect(chip[12].buttonId).to.equal(4);\n  expect(chip[13].stakeType).to.include('six_line');\n  expect(chip[13].buttonId).to.equal(1);\n  expect(chip[14].stakeType).to.include('column');\n  expect(chip[14].buttonId).to.equal(1);\n  expect(chip[15].stakeType).to.include('column');\n  expect(chip[15].buttonId).to.equal(2);\n  expect(chip[16].stakeType).to.include('column');\n  expect(chip[16].buttonId).to.equal(3);\n});",
              "err": {},
              "uuid": "d52d6541-bf79-4c54-adb7-f2bf05ff0827",
              "parentUUID": "e54744dd-b4e5-48d5-9f14-903e4df01fee",
              "isHook": false,
              "skipped": false
            }
          ],
          "suites": [],
          "passes": [
            "d52d6541-bf79-4c54-adb7-f2bf05ff0827"
          ],
          "failures": [],
          "pending": [],
          "skipped": [],
          "duration": 29169,
          "root": false,
          "rootEmpty": false,
          "_timeout": 2000
        },
        {
          "uuid": "198a54e2-2865-45d0-9e84-bca28861300e",
          "title": "Reset bet is working correctly",
          "fullFile": "",
          "file": "",
          "beforeHooks": [],
          "afterHooks": [],
          "tests": [
            {
              "title": "Should check that \"spins\" array is 0 after reset",
              "fullTitle": "Reset bet is working correctly Should check that \"spins\" array is 0 after reset",
              "timedOut": null,
              "duration": 2547,
              "state": "passed",
              "speed": "fast",
              "pass": true,
              "fail": false,
              "pending": false,
              "context": null,
              "code": "cy.wait(2000);\ncy.window().then(win => {\n  win.game.scene.scenes[1].gameContainer.startGroupButtons.resetButton.emit('pointerdown');\n});\ncy.wait(500);\ncy.window({\n  timeout: 10000\n}).should(win => {\n  expect(win.game.scene.scenes[1].gameContainer.stakeSelector.chips).have.length(0);\n});",
              "err": {},
              "uuid": "45b35dbd-bba0-469f-b704-2f1d169511e7",
              "parentUUID": "198a54e2-2865-45d0-9e84-bca28861300e",
              "isHook": false,
              "skipped": false
            }
          ],
          "suites": [],
          "passes": [
            "45b35dbd-bba0-469f-b704-2f1d169511e7"
          ],
          "failures": [],
          "pending": [],
          "skipped": [],
          "duration": 2547,
          "root": false,
          "rootEmpty": false,
          "_timeout": 2000
        },
        {
          "uuid": "94bf62a8-e6ea-4cf1-92b9-041bff9db347",
          "title": "Rebet works correctly after the second spin with a different stake",
          "fullFile": "",
          "file": "",
          "beforeHooks": [],
          "afterHooks": [],
          "tests": [
            {
              "title": "Should check that \"chips\" array is rewritten after placing the second bet",
              "fullTitle": "Rebet works correctly after the second spin with a different stake Should check that \"chips\" array is rewritten after placing the second bet",
              "timedOut": null,
              "duration": 15416,
              "state": "passed",
              "speed": "slow",
              "pass": true,
              "fail": false,
              "pending": false,
              "context": null,
              "code": "cy.window().then(win => {\n  win.game.scene.scenes[1].gameContainer.stakeSelector.dozensButtons[0].list[0].emit('pointerdown');\n});\ncy.wait(500);\ncy.window().then(win => {\n  win.game.scene.scenes[1].gameContainer.list[5].list[0].emit('pointerdown');\n});\ncy.window({\n  timeout: 30000\n}).should(win => {\n  const no_win_banner = win.game.scene.scenes[1].gameContainer.noWinBanner.visible;\n  const win_banner = win.game.scene.scenes[1].gameContainer.winBanner.visible;\n  expect(no_win_banner || win_banner, 'result banner is displayed').to.be.true;\n  expect(win.game.scene.scenes[1].gameContainer.topPanel.balance).to.not.equal(100000);\n});\ncy.wait(3300);\ncy.window().should(win => {\n  const rebet = win.game.scene.scenes[1].gameContainer.tapBar.reBetButton.list[2].visible;\n  expect(rebet, 'rebet button is visible').to.be.true;\n});\ncy.window().then(win => {\n  win.game.scene.scenes[1].gameContainer.tapBar.reBetButton.emit('pointerdown');\n});\ncy.window({\n  timeout: 25000\n}).should(win => {\n  const chip = win.game.scene.scenes[1].gameContainer.stakeSelector.chips;\n  expect(chip[0].stakeType).to.include('dozen');\n  expect(chip[0].buttonId).to.equal(1);\n});",
              "err": {},
              "uuid": "c5fd3750-8944-46ff-82e5-9398c3cb15ee",
              "parentUUID": "94bf62a8-e6ea-4cf1-92b9-041bff9db347",
              "isHook": false,
              "skipped": false
            }
          ],
          "suites": [],
          "passes": [
            "c5fd3750-8944-46ff-82e5-9398c3cb15ee"
          ],
          "failures": [],
          "pending": [],
          "skipped": [],
          "duration": 15416,
          "root": false,
          "rootEmpty": false,
          "_timeout": 2000
        },
        {
          "uuid": "a90ee9be-f182-4468-9510-6c1de90511e1",
          "title": "Rebetting on Race Track View switches the table view to standart",
          "fullFile": "",
          "file": "",
          "beforeHooks": [],
          "afterHooks": [],
          "tests": [
            {
              "title": "\"isRaceTrack\" should be false",
              "fullTitle": "Rebetting on Race Track View switches the table view to standart \"isRaceTrack\" should be false",
              "timedOut": null,
              "duration": 2046,
              "state": "passed",
              "speed": "fast",
              "pass": true,
              "fail": false,
              "pending": false,
              "context": null,
              "code": "cy.wait(200);\ncy.window().then(win => {\n  win.game.scene.scenes[1].gameContainer.tapBar.raceButton.emit('pointerdown');\n});\ncy.wait(1200);\ncy.window().then(win => {\n  win.game.scene.scenes[1].gameContainer.tapBar.reBetButton.emit('pointerdown');\n});\ncy.wait(500);\ncy.window({\n  timeout: 15000\n}).should(win => {\n  const chip = win.game.scene.scenes[1].gameContainer.stakeSelector.chips;\n  expect(chip[0].stakeType).to.include('dozen');\n  expect(chip[0].buttonId).to.equal(1);\n  expect(win.game.scene.scenes[1].gameContainer.stakeSelector.isRaceTable, 'isRaceTable is false').to.be.false;\n});",
              "err": {},
              "uuid": "595ede84-276e-4a75-adcd-b25e6ca75846",
              "parentUUID": "a90ee9be-f182-4468-9510-6c1de90511e1",
              "isHook": false,
              "skipped": false
            }
          ],
          "suites": [],
          "passes": [
            "595ede84-276e-4a75-adcd-b25e6ca75846"
          ],
          "failures": [],
          "pending": [],
          "skipped": [],
          "duration": 2046,
          "root": false,
          "rootEmpty": false,
          "_timeout": 2000
        },
        {
          "uuid": "f2e6f175-23b4-4712-bdf8-63635d218a5c",
          "title": "Rebet and reset bet are working correctly in Race Track",
          "fullFile": "",
          "file": "",
          "beforeHooks": [],
          "afterHooks": [],
          "tests": [
            {
              "title": "Should check that all of types of bets are displayed after rebetting in Race Track)",
              "fullTitle": "Rebet and reset bet are working correctly in Race Track Should check that all of types of bets are displayed after rebetting in Race Track)",
              "timedOut": null,
              "duration": 18553,
              "state": "passed",
              "speed": "slow",
              "pass": true,
              "fail": false,
              "pending": false,
              "context": null,
              "code": "cy.interceptStartGameRebetRace();\ncy.window({\n  timeout: 50000\n}).should(win => {\n  const game = win.game;\n  const scene = game.scene.scenes[1];\n  const start_button = scene.gameContainer.list[5].list[0].visible;\n  expect(start_button, 'Game is loaded').to.be.true;\n});\ncy.wait(500);\ncy.window().then(win => {\n  const game = win.game;\n  const scene = game.scene.scenes[1];\n  scene.gameContainer.tapBar.raceButton.emit('pointerdown');\n});\n// cy.get('#open_button').click()\n// cy.get('#chip').select(10)\n// cy.get('#open_button').click({force: true})\n// cy.get('#set_state').click()\n// cy.get('#close_button').click()\ncy.wait(100);\ncy.window({\n  timeout: 25000\n}).should(win => {\n  const game = win.game;\n  const scene = game.scene.scenes[1];\n  const race_track = scene.gameContainer.stakeSelector.isRaceTable;\n  expect(race_track, \"Switched to Race Track\").to.be.true;\n});\ncy.wait(1000);\ncy.window().then(win => {\n  win.game.scene.scenes[1].gameContainer.stakeSelector.raceButtons[1].emit('pointerdown');\n});\ncy.window().then(win => {\n  cy.wait(3000);\n  win.game.scene.scenes[1].gameContainer.list[5].list[0].emit('pointerdown');\n});\ncy.window({\n  timeout: 30000\n}).should(win => {\n  const noWin_banner = win.game.scene.scenes[1].gameContainer.noWinBanner.visible;\n  const win_banner = win.game.scene.scenes[1].gameContainer.winBanner.visible;\n  expect(noWin_banner || win_banner, \"banner is displayed\").to.be.true;\n  expect(win.game.scene.scenes[1].gameContainer.topPanel.balance).to.not.equal(1000);\n});\ncy.wait(3000);\ncy.window({\n  timeout: 25000\n}).should(win => {\n  const rebet = win.game.scene.scenes[1].gameContainer.tapBar.reBetButton.list[2].visible;\n  expect(rebet, 'rebet button is visible').to.be.true;\n});\ncy.window().then(win => {\n  win.game.scene.scenes[1].gameContainer.tapBar.reBetButton.emit('pointerdown');\n});\ncy.window({\n  timeout: 25000\n}).should(win => {\n  const chip = win.game.scene.scenes[1].gameContainer.stakeSelector.chips;\n  expect(chip[0].stakeType).to.include('straight');\n  expect(chip[0].buttonId).to.equal(14);\n  expect(chip[1].buttonId).to.equal(20);\n  expect(chip[2].buttonId).to.equal(1);\n  expect(chip[3].buttonId).to.equal(33);\n  expect(chip[4].buttonId).to.equal(16);\n});",
              "err": {},
              "uuid": "5e54f0d6-2899-470a-8160-1606fe1ce672",
              "parentUUID": "f2e6f175-23b4-4712-bdf8-63635d218a5c",
              "isHook": false,
              "skipped": false
            }
          ],
          "suites": [],
          "passes": [
            "5e54f0d6-2899-470a-8160-1606fe1ce672"
          ],
          "failures": [],
          "pending": [],
          "skipped": [],
          "duration": 18553,
          "root": false,
          "rootEmpty": false,
          "_timeout": 2000
        },
        {
          "uuid": "82596c66-bd85-4c7f-8199-5080c6497d4c",
          "title": "Reset bet is working correctly",
          "fullFile": "",
          "file": "",
          "beforeHooks": [],
          "afterHooks": [],
          "tests": [
            {
              "title": "Should check that \"spins\" array is 0 after reset)",
              "fullTitle": "Reset bet is working correctly Should check that \"spins\" array is 0 after reset)",
              "timedOut": null,
              "duration": 5126,
              "state": "passed",
              "speed": "medium",
              "pass": true,
              "fail": false,
              "pending": false,
              "context": null,
              "code": "cy.wait(3000);\ncy.window().then(win => {\n  win.game.scene.scenes[1].gameContainer.startGroupButtons.resetButton.emit('pointerdown');\n});\ncy.wait(2000);\ncy.window({\n  timeout: 15000\n}).should(win => {\n  expect(win.game.scene.scenes[1].gameContainer.stakeSelector.chips).have.length(0);\n});",
              "err": {},
              "uuid": "1ab53472-400b-4c84-aac0-2f70ba4c614c",
              "parentUUID": "82596c66-bd85-4c7f-8199-5080c6497d4c",
              "isHook": false,
              "skipped": false
            }
          ],
          "suites": [],
          "passes": [
            "1ab53472-400b-4c84-aac0-2f70ba4c614c"
          ],
          "failures": [],
          "pending": [],
          "skipped": [],
          "duration": 5126,
          "root": false,
          "rootEmpty": false,
          "_timeout": 2000
        },
        {
          "uuid": "a737530d-0508-4198-b8dd-5bb9ac9b0572",
          "title": "Rebet works correctly after the second spin with a different stake",
          "fullFile": "",
          "file": "",
          "beforeHooks": [],
          "afterHooks": [],
          "tests": [
            {
              "title": "Should check that \"chips\" array is rewritten after placing the second bet)",
              "fullTitle": "Rebet works correctly after the second spin with a different stake Should check that \"chips\" array is rewritten after placing the second bet)",
              "timedOut": null,
              "duration": 17085,
              "state": "passed",
              "speed": "slow",
              "pass": true,
              "fail": false,
              "pending": false,
              "context": null,
              "code": "cy.interceptStartGameRebetRace_2nd();\ncy.window().then(win => {\n  win.game.scene.scenes[1].gameContainer.stakeSelector.raceButtons[2].emit('pointerdown');\n  cy.wait(50);\n  win.game.scene.scenes[1].gameContainer.list[5].list[0].emit('pointerdown');\n});\ncy.wait(500);\ncy.window().then(win => {\n  win.game.scene.scenes[1].gameContainer.list[5].list[0].emit('pointerdown');\n});\ncy.window({\n  timeout: 40000\n}).should(win => {\n  const no_win_banner = win.game.scene.scenes[1].gameContainer.noWinBanner.visible;\n  const win_banner = win.game.scene.scenes[1].gameContainer.winBanner.visible;\n  expect(no_win_banner || win_banner, 'banner is displayed').to.be.true;\n  expect(win.game.scene.scenes[1].gameContainer.topPanel.balance).to.not.equal(1000);\n});\ncy.wait(3000);\ncy.window({\n  timeout: 15000\n}).should(win => {\n  const rebet = win.game.scene.scenes[1].gameContainer.tapBar.reBetButton.list[2].visible;\n  expect(rebet).to.be.true;\n});\ncy.window().then(win => {\n  win.game.scene.scenes[1].gameContainer.tapBar.reBetButton.emit('pointerdown');\n});\ncy.window({\n  timeout: 25000\n}).should(win => {\n  const chip = win.game.scene.scenes[1].gameContainer.stakeSelector.chips;\n  expect(chip[0].stakeType).to.include('straight');\n  expect(chip[0].buttonId).to.equal(17);\n  expect(chip[1].buttonId).to.equal(25);\n  expect(chip[2].buttonId).to.equal(2);\n  expect(chip[3].buttonId).to.equal(21);\n  expect(chip[4].buttonId).to.equal(4);\n});",
              "err": {},
              "uuid": "37f25007-f590-40ee-9207-f8df107041b0",
              "parentUUID": "a737530d-0508-4198-b8dd-5bb9ac9b0572",
              "isHook": false,
              "skipped": false
            }
          ],
          "suites": [],
          "passes": [
            "37f25007-f590-40ee-9207-f8df107041b0"
          ],
          "failures": [],
          "pending": [],
          "skipped": [],
          "duration": 17085,
          "root": false,
          "rootEmpty": false,
          "_timeout": 2000
        }
      ],
      "passes": [],
      "failures": [],
      "pending": [],
      "skipped": [],
      "duration": 0,
      "root": true,
      "rootEmpty": true,
      "_timeout": 2000
    }
  ],
  "meta": {
    "mocha": {
      "version": "7.2.0"
    },
    "mochawesome": {
      "options": {
        "quiet": false,
        "reportFilename": "mochawesome",
        "saveHtml": false,
        "saveJson": true,
        "consoleReporter": "spec",
        "useInlineDiffs": false,
        "code": true
      },
      "version": "7.1.3"
    },
    "marge": {
      "options": {
        "reportDir": "cypress/reports/chrome",
        "overwrite": false,
        "html": false,
        "json": true
      },
      "version": "6.2.0"
    }
  }
}